[2018-10-22 15:37:05.898] [renderer1] [info] no standard startup: not the explorer viewlet
[2018-10-22 15:39:03.951] [renderer1] [error] Cannot read property 'instanceId' of undefined: TypeError: Cannot read property 'instanceId' of undefined
    at WebContents.<anonymous> (/usr/lib/electron/resources/electron.asar/browser/guest-view-manager.js:84:34)
    at emitOne (events.js:121:20)
    at WebContents.emit (events.js:211:7)
[2018-10-22 15:46:00.852] [renderer1] [info] no standard startup: not a new window
[2018-10-23 08:14:27.542] [renderer1] [error] Cannot read property 'forEach' of undefined: TypeError: Cannot read property 'forEach' of undefined
    at t.updateMnemonicVisibility (file:///usr/lib/code/out/vs/workbench/workbench.main.js:2455:290)
    at t.setUnfocusedState (file:///usr/lib/code/out/vs/workbench/workbench.main.js:2454:274)
    at t.onConfigurationUpdated (file:///usr/lib/code/out/vs/workbench/workbench.main.js:2453:841)
    at file:///usr/lib/code/out/vs/workbench/workbench.main.js:2455:725
    at e.fire (file:///usr/lib/code/out/vs/workbench/workbench.main.js:175:76)
    at t.triggerConfigurationChange (file:///usr/lib/code/out/vs/workbench/workbench.main.js:4139:721)
    at t.onUserConfigurationChanged (file:///usr/lib/code/out/vs/workbench/workbench.main.js:4135:926)
    at file:///usr/lib/code/out/vs/workbench/workbench.main.js:4124:784
    at e.fire (file:///usr/lib/code/out/vs/workbench/workbench.main.js:175:76)
    at file:///usr/lib/code/out/vs/workbench/workbench.main.js:1497:646
    at e.fire (file:///usr/lib/code/out/vs/workbench/workbench.main.js:175:76)
    at file:///usr/lib/code/out/vs/workbench/workbench.main.js:296:410
    at file:///usr/lib/code/out/vs/workbench/workbench.main.js:295:227
    at /usr/lib/code/node_modules.asar/graceful-fs/graceful-fs.js:78:16
    at FSReqWrap.readFileAfterClose [as oncomplete] (original-fs.js:511:3)
[2018-10-23 08:14:30.771] [renderer1] [error] Cannot read property 'forEach' of undefined: TypeError: Cannot read property 'forEach' of undefined
    at t.updateMnemonicVisibility (file:///usr/lib/code/out/vs/workbench/workbench.main.js:2455:290)
    at t.setUnfocusedState (file:///usr/lib/code/out/vs/workbench/workbench.main.js:2454:274)
    at t.onConfigurationUpdated (file:///usr/lib/code/out/vs/workbench/workbench.main.js:2453:841)
    at file:///usr/lib/code/out/vs/workbench/workbench.main.js:2455:725
    at e.fire (file:///usr/lib/code/out/vs/workbench/workbench.main.js:175:76)
    at t.triggerConfigurationChange (file:///usr/lib/code/out/vs/workbench/workbench.main.js:4139:721)
    at t.onUserConfigurationChanged (file:///usr/lib/code/out/vs/workbench/workbench.main.js:4135:926)
    at file:///usr/lib/code/out/vs/workbench/workbench.main.js:4124:784
    at e.fire (file:///usr/lib/code/out/vs/workbench/workbench.main.js:175:76)
    at file:///usr/lib/code/out/vs/workbench/workbench.main.js:1497:646
    at e.fire (file:///usr/lib/code/out/vs/workbench/workbench.main.js:175:76)
    at file:///usr/lib/code/out/vs/workbench/workbench.main.js:296:410
    at file:///usr/lib/code/out/vs/workbench/workbench.main.js:295:227
    at /usr/lib/code/node_modules.asar/graceful-fs/graceful-fs.js:78:16
    at FSReqWrap.readFileAfterClose [as oncomplete] (original-fs.js:511:3)
