00:00:00.002030 main     VirtualBox XPCOM Server 6.0.4 r128164 linux.amd64 (Mar  5 2019 19:56:31) release log
00:00:00.002036 main     Log opened 2019-04-09T17:53:59.613705000Z
00:00:00.002037 main     Build Type: release
00:00:00.002041 main     OS Product: Linux
00:00:00.002044 main     OS Release: 4.14.109-1-MANJARO
00:00:00.002046 main     OS Version: #1 SMP PREEMPT Wed Mar 27 18:51:38 UTC 2019
00:00:00.002077 main     DMI Product Name: XPS 15 9560
00:00:00.002098 main     DMI Product Version: 
00:00:00.002173 main     Host RAM: 7831MB (7.6GB) total, 4906MB (4.7GB) available
00:00:00.002180 main     Executable: /usr/lib/virtualbox/VBoxSVC
00:00:00.002182 main     Process ID: 12684
00:00:00.002183 main     Package type: LINUX_64BITS_GENERIC (OSE)
00:00:00.006201 main     IPC socket path: /tmp/.vbox-daymoose-ipc/ipcd
00:00:00.123056 nspr-2   VirtualBox: object creation starts
00:00:00.123779 nspr-2   Home directory: '/home/daymoose/.config/VirtualBox'
00:00:00.124440 nspr-2   Loading settings file "/home/daymoose/.config/VirtualBox/VirtualBox.xml" with version "1.12-linux"
00:00:00.140953 nspr-2   NetIfAdpCtlOut: VBoxNetAdpCtl: Error while retrieving link speed for wlp2s0: VBoxNetAdpCtl: ioctl failed: Operation not supported
00:00:00.142208 nspr-2   NAT: resolv.conf: nameserver 128.206.130.244
00:00:00.142233 nspr-2   NAT: resolv.conf: nameserver 128.206.6.244
00:00:00.142256 nspr-2   HostDnsMonitor::updateInfo
00:00:00.142309 nspr-2   HostDnsMonitor: old information
00:00:00.142317 nspr-2     no server entries
00:00:00.142323 nspr-2     no domain set
00:00:00.142329 nspr-2     no search string entries
00:00:00.142334 nspr-2   HostDnsMonitor: new information
00:00:00.142340 nspr-2     server 1: 128.206.130.244
00:00:00.142347 nspr-2     server 2: 128.206.6.244
00:00:00.142353 nspr-2     domain: dhcp.missouri.edu
00:00:00.142359 nspr-2     search string 1: dhcp.missouri.edu
00:00:00.148252 nspr-2   VD: VDInit finished with VINF_SUCCESS
00:00:00.149134 nspr-2   ERROR [COM]: aRC=NS_ERROR_FAILURE (0x80004005) aIID={d55176e5-6730-4e9e-fc1f-a59b1f44f78f} aComponent={SystemPropertiesWrap} aText={Cannot determine default Guest Additions ISO location. Most likely they are not available}, preserve=false aResultDetail=0
00:00:00.160774 nspr-2   Loading settings file "/home/daymoose/VirtualBox VMs/augur/augur.vbox" with version "1.16-linux"
00:00:00.161961 nspr-2   VirtualBox: object created
00:00:00.186572 nspr-2   NetIfAdpCtlOut: VBoxNetAdpCtl: Error while retrieving link speed for wlp2s0: VBoxNetAdpCtl: ioctl failed: Operation not supported
00:00:05.189474 main     VirtualBox: object deletion starts
00:00:05.666249 Watcher  ERROR [COM]: aRC=E_ACCESSDENIED (0x80070005) aIID={d0a0163f-e254-4e5b-a1f2-011cf991c38d} aComponent={VirtualBoxWrap} aText={The object is not ready}, preserve=false aResultDetail=0
00:00:10.191099 main     {00007f7e40016c40} HostPowerServiceLinux::~HostPowerServiceLinux: RTThreadWait() for 5000 ms failed with VERR_TIMEOUT
00:00:10.191697 main     VirtualBox: object deleted
