[Modules] Modules initializing
[Modules] Distribution: remote
[Modules] Host updates: enabled
[Modules] Module updates: enabled
[Modules] Module install path: /home/daymoose/.config/discordcanary/0.0.54/modules
[Modules] Module installed file path: /home/daymoose/.config/discordcanary/0.0.54/modules/installed.json
[Modules] Module download path: /home/daymoose/.config/discordcanary/0.0.54/modules/pending
[Modules] Bootstrapping...
[Modules] Installing discord_cloudsync@1 from /opt/discord-canary/resources/bootstrap/discord_cloudsync.zip
[Modules] Installing discord_desktop_core@1 from /opt/discord-canary/resources/bootstrap/discord_desktop_core.zip
[Modules] Installing discord_dispatch@1 from /opt/discord-canary/resources/bootstrap/discord_dispatch.zip
[Modules] Installing discord_erlpack@1 from /opt/discord-canary/resources/bootstrap/discord_erlpack.zip
[Modules] Installing discord_game_utils@1 from /opt/discord-canary/resources/bootstrap/discord_game_utils.zip
[Modules] Installing discord_modules@1 from /opt/discord-canary/resources/bootstrap/discord_modules.zip
[Modules] Installing discord_rpc@1 from /opt/discord-canary/resources/bootstrap/discord_rpc.zip
[Modules] Installing discord_spellcheck@1 from /opt/discord-canary/resources/bootstrap/discord_spellcheck.zip
[Modules] Installing discord_utils@1 from /opt/discord-canary/resources/bootstrap/discord_utils.zip
[Modules] Installing discord_voice@1 from /opt/discord-canary/resources/bootstrap/discord_voice.zip
[Modules] Finished module installations. [success: 10] [failure: 0]
[Modules] Checking for host updates.
[Modules] Host is up to date.
[Modules] Checking for module updates at https://discordapp.com/api/modules/canary/versions.json
[Modules] Module update available: discord_cloudsync@18 [installed: 1]
[Modules] Module update available: discord_desktop_core@18 [installed: 1]
[Modules] Module update available: discord_dispatch@18 [installed: 1]
[Modules] Module update available: discord_erlpack@18 [installed: 1]
[Modules] Module update available: discord_game_utils@18 [installed: 1]
[Modules] Module update available: discord_modules@18 [installed: 1]
[Modules] Module update available: discord_rpc@18 [installed: 1]
[Modules] Module update available: discord_spellcheck@18 [installed: 1]
[Modules] Module update available: discord_utils@18 [installed: 1]
[Modules] Module update available: discord_voice@18 [installed: 1]
[Modules] Fetching discord_cloudsync@18 from https://discordapp.com/api/modules/canary/discord_cloudsync/18
[Modules] Streaming discord_cloudsync@18 [4851403 bytes] to /home/daymoose/.config/discordcanary/0.0.54/modules/pending/discord_cloudsync-18.zip
[Modules] Fetching discord_desktop_core@18 from https://discordapp.com/api/modules/canary/discord_desktop_core/18
[Modules] Streaming discord_desktop_core@18 [1677361 bytes] to /home/daymoose/.config/discordcanary/0.0.54/modules/pending/discord_desktop_core-18.zip
[Modules] Fetching discord_dispatch@18 from https://discordapp.com/api/modules/canary/discord_dispatch/18
[Modules] Streaming discord_dispatch@18 [10524439 bytes] to /home/daymoose/.config/discordcanary/0.0.54/modules/pending/discord_dispatch-18.zip
[Modules] Fetching discord_erlpack@18 from https://discordapp.com/api/modules/canary/discord_erlpack/18
[Modules] Streaming discord_erlpack@18 [81778 bytes] to /home/daymoose/.config/discordcanary/0.0.54/modules/pending/discord_erlpack-18.zip
[Modules] Fetching discord_game_utils@18 from https://discordapp.com/api/modules/canary/discord_game_utils/18
[Modules] Streaming discord_game_utils@18 [1031589 bytes] to /home/daymoose/.config/discordcanary/0.0.54/modules/pending/discord_game_utils-18.zip
[Modules] Fetching discord_modules@18 from https://discordapp.com/api/modules/canary/discord_modules/18
[Modules] Streaming discord_modules@18 [392911 bytes] to /home/daymoose/.config/discordcanary/0.0.54/modules/pending/discord_modules-18.zip
[Modules] Fetching discord_rpc@18 from https://discordapp.com/api/modules/canary/discord_rpc/18
[Modules] Streaming discord_rpc@18 [805164 bytes] to /home/daymoose/.config/discordcanary/0.0.54/modules/pending/discord_rpc-18.zip
[Modules] Fetching discord_spellcheck@18 from https://discordapp.com/api/modules/canary/discord_spellcheck/18
[Modules] Streaming discord_spellcheck@18 [10185113 bytes] to /home/daymoose/.config/discordcanary/0.0.54/modules/pending/discord_spellcheck-18.zip
[Modules] Fetching discord_utils@18 from https://discordapp.com/api/modules/canary/discord_utils/18
[Modules] Streaming discord_utils@18 [1000522 bytes] to /home/daymoose/.config/discordcanary/0.0.54/modules/pending/discord_utils-18.zip
[Modules] Fetching discord_voice@18 from https://discordapp.com/api/modules/canary/discord_voice/18
[Modules] Streaming discord_voice@18 [7495161 bytes] to /home/daymoose/.config/discordcanary/0.0.54/modules/pending/discord_voice-18.zip
[Modules] Finished module downloads. [success: 10] [failure: 0]
[Modules] Relaunching to install module updates...
[Modules] Modules initializing
[Modules] Distribution: remote
[Modules] Host updates: enabled
[Modules] Module updates: enabled
[Modules] Module install path: /home/daymoose/.config/discordcanary/0.0.54/modules
[Modules] Module installed file path: /home/daymoose/.config/discordcanary/0.0.54/modules/installed.json
[Modules] Module download path: /home/daymoose/.config/discordcanary/0.0.54/modules/pending
[Modules] Installing updates...
[Modules] Installing discord_cloudsync@18 from /home/daymoose/.config/discordcanary/0.0.54/modules/pending/discord_cloudsync-18.zip
[Modules] Installing discord_desktop_core@18 from /home/daymoose/.config/discordcanary/0.0.54/modules/pending/discord_desktop_core-18.zip
[Modules] Installing discord_dispatch@18 from /home/daymoose/.config/discordcanary/0.0.54/modules/pending/discord_dispatch-18.zip
[Modules] Installing discord_erlpack@18 from /home/daymoose/.config/discordcanary/0.0.54/modules/pending/discord_erlpack-18.zip
[Modules] Installing discord_game_utils@18 from /home/daymoose/.config/discordcanary/0.0.54/modules/pending/discord_game_utils-18.zip
[Modules] Installing discord_modules@18 from /home/daymoose/.config/discordcanary/0.0.54/modules/pending/discord_modules-18.zip
[Modules] Installing discord_rpc@18 from /home/daymoose/.config/discordcanary/0.0.54/modules/pending/discord_rpc-18.zip
[Modules] Installing discord_spellcheck@18 from /home/daymoose/.config/discordcanary/0.0.54/modules/pending/discord_spellcheck-18.zip
[Modules] Installing discord_utils@18 from /home/daymoose/.config/discordcanary/0.0.54/modules/pending/discord_utils-18.zip
[Modules] Installing discord_voice@18 from /home/daymoose/.config/discordcanary/0.0.54/modules/pending/discord_voice-18.zip
[Modules] Finished module installations. [success: 10] [failure: 0]
[Modules] Checking for host updates.
[Modules] Host is up to date.
[Modules] Checking for module updates at https://discordapp.com/api/modules/canary/versions.json
[Modules] No module updates available.
[Modules] Modules initializing
[Modules] Distribution: remote
[Modules] Host updates: enabled
[Modules] Module updates: enabled
[Modules] Module install path: /home/daymoose/.config/discordcanary/0.0.54/modules
[Modules] Module installed file path: /home/daymoose/.config/discordcanary/0.0.54/modules/installed.json
[Modules] Module download path: /home/daymoose/.config/discordcanary/0.0.54/modules/pending
[Modules] No updates to install
[Modules] Checking for host updates.
[Modules] Host is up to date.
[Modules] Checking for module updates at https://discordapp.com/api/modules/canary/versions.json
[Modules] No module updates available.
[Modules] Checking for host updates.
[Modules] Host is up to date.
[Modules] Checking for module updates at https://discordapp.com/api/modules/canary/versions.json
[Modules] Module update available: discord_cloudsync@22 [installed: 18]
[Modules] Module update available: discord_desktop_core@22 [installed: 18]
[Modules] Module update available: discord_dispatch@22 [installed: 18]
[Modules] Module update available: discord_erlpack@22 [installed: 18]
[Modules] Module update available: discord_game_utils@22 [installed: 18]
[Modules] Module update available: discord_modules@22 [installed: 18]
[Modules] Module update available: discord_rpc@22 [installed: 18]
[Modules] Module update available: discord_spellcheck@22 [installed: 18]
[Modules] Module update available: discord_utils@22 [installed: 18]
[Modules] Module update available: discord_voice@22 [installed: 18]
[Modules] Fetching discord_cloudsync@22 from https://discordapp.com/api/modules/canary/discord_cloudsync/22
[Modules] Streaming discord_cloudsync@22 [4851423 bytes] to /home/daymoose/.config/discordcanary/0.0.54/modules/pending/discord_cloudsync-22.zip
[Modules] Fetching discord_desktop_core@22 from https://discordapp.com/api/modules/canary/discord_desktop_core/22
[Modules] Streaming discord_desktop_core@22 [1677361 bytes] to /home/daymoose/.config/discordcanary/0.0.54/modules/pending/discord_desktop_core-22.zip
[Modules] Fetching discord_dispatch@22 from https://discordapp.com/api/modules/canary/discord_dispatch/22
[Modules] Streaming discord_dispatch@22 [10609898 bytes] to /home/daymoose/.config/discordcanary/0.0.54/modules/pending/discord_dispatch-22.zip
[Modules] Fetching discord_erlpack@22 from https://discordapp.com/api/modules/canary/discord_erlpack/22
[Modules] Streaming discord_erlpack@22 [81778 bytes] to /home/daymoose/.config/discordcanary/0.0.54/modules/pending/discord_erlpack-22.zip
[Modules] Fetching discord_game_utils@22 from https://discordapp.com/api/modules/canary/discord_game_utils/22
[Modules] Streaming discord_game_utils@22 [1031589 bytes] to /home/daymoose/.config/discordcanary/0.0.54/modules/pending/discord_game_utils-22.zip
[Modules] Fetching discord_modules@22 from https://discordapp.com/api/modules/canary/discord_modules/22
[Modules] Streaming discord_modules@22 [392907 bytes] to /home/daymoose/.config/discordcanary/0.0.54/modules/pending/discord_modules-22.zip
[Modules] Fetching discord_rpc@22 from https://discordapp.com/api/modules/canary/discord_rpc/22
[Modules] Streaming discord_rpc@22 [805164 bytes] to /home/daymoose/.config/discordcanary/0.0.54/modules/pending/discord_rpc-22.zip
[Modules] Fetching discord_spellcheck@22 from https://discordapp.com/api/modules/canary/discord_spellcheck/22
[Modules] Streaming discord_spellcheck@22 [10185113 bytes] to /home/daymoose/.config/discordcanary/0.0.54/modules/pending/discord_spellcheck-22.zip
[Modules] Fetching discord_utils@22 from https://discordapp.com/api/modules/canary/discord_utils/22
[Modules] Streaming discord_utils@22 [1000522 bytes] to /home/daymoose/.config/discordcanary/0.0.54/modules/pending/discord_utils-22.zip
[Modules] Fetching discord_voice@22 from https://discordapp.com/api/modules/canary/discord_voice/22
[Modules] Streaming discord_voice@22 [7495161 bytes] to /home/daymoose/.config/discordcanary/0.0.54/modules/pending/discord_voice-22.zip
[Modules] Finished module downloads. [success: 10] [failure: 0]
[Modules] Starting to install discord_contact_import...
[Modules] Fetching discord_contact_import@22 from https://discordapp.com/api/modules/canary/discord_contact_import/22
[Modules] Streaming discord_contact_import@22 [3951559 bytes] to /home/daymoose/.config/discordcanary/0.0.54/modules/pending/discord_contact_import-22.zip
[Modules] Finished module downloads. [success: 1] [failure: 0]
[Modules] Installing discord_contact_import@22 from /home/daymoose/.config/discordcanary/0.0.54/modules/pending/discord_contact_import-22.zip
[Modules] Finished module installations. [success: 1] [failure: 0]
[Modules] Modules initializing
[Modules] Distribution: remote
[Modules] Host updates: enabled
[Modules] Module updates: enabled
[Modules] Module install path: /home/daymoose/.config/discordcanary/0.0.54/modules
[Modules] Module installed file path: /home/daymoose/.config/discordcanary/0.0.54/modules/installed.json
[Modules] Module download path: /home/daymoose/.config/discordcanary/0.0.54/modules/pending
[Modules] Installing updates...
[Modules] Installing discord_cloudsync@22 from /home/daymoose/.config/discordcanary/0.0.54/modules/pending/discord_cloudsync-22.zip
[Modules] Installing discord_desktop_core@22 from /home/daymoose/.config/discordcanary/0.0.54/modules/pending/discord_desktop_core-22.zip
[Modules] Installing discord_dispatch@22 from /home/daymoose/.config/discordcanary/0.0.54/modules/pending/discord_dispatch-22.zip
[Modules] Installing discord_erlpack@22 from /home/daymoose/.config/discordcanary/0.0.54/modules/pending/discord_erlpack-22.zip
[Modules] Installing discord_game_utils@22 from /home/daymoose/.config/discordcanary/0.0.54/modules/pending/discord_game_utils-22.zip
[Modules] Installing discord_modules@22 from /home/daymoose/.config/discordcanary/0.0.54/modules/pending/discord_modules-22.zip
[Modules] Installing discord_rpc@22 from /home/daymoose/.config/discordcanary/0.0.54/modules/pending/discord_rpc-22.zip
[Modules] Installing discord_spellcheck@22 from /home/daymoose/.config/discordcanary/0.0.54/modules/pending/discord_spellcheck-22.zip
[Modules] Installing discord_utils@22 from /home/daymoose/.config/discordcanary/0.0.54/modules/pending/discord_utils-22.zip
[Modules] Installing discord_voice@22 from /home/daymoose/.config/discordcanary/0.0.54/modules/pending/discord_voice-22.zip
[Modules] Finished module installations. [success: 10] [failure: 0]
[Modules] Checking for host updates.
[Modules] Host update is available. Manual update required!
[Modules] Modules initializing
[Modules] Distribution: remote
[Modules] Host updates: enabled
[Modules] Module updates: enabled
[Modules] Module install path: /home/daymoose/.config/discordcanary/0.0.54/modules
[Modules] Module installed file path: /home/daymoose/.config/discordcanary/0.0.54/modules/installed.json
[Modules] Module download path: /home/daymoose/.config/discordcanary/0.0.54/modules/pending
[Modules] No updates to install
[Modules] Checking for host updates.
[Modules] Host update is available. Manual update required!
[Modules] Modules initializing
[Modules] Distribution: remote
[Modules] Host updates: enabled
[Modules] Module updates: enabled
[Modules] Module install path: /home/daymoose/.config/discordcanary/0.0.71/modules
[Modules] Module installed file path: /home/daymoose/.config/discordcanary/0.0.71/modules/installed.json
[Modules] Module download path: /home/daymoose/.config/discordcanary/0.0.71/modules/pending
[Modules] Bootstrapping...
[Modules] Installing discord_desktop_core@0 from /opt/discord-canary/resources/bootstrap/discord_desktop_core.zip
[Modules] Failed installing discord_desktop_core@0: Error: ENOENT: no such file or directory, open '/opt/discord-canary/resources/bootstrap/discord_desktop_core.zip'
[Modules] Installing discord_erlpack@0 from /opt/discord-canary/resources/bootstrap/discord_erlpack.zip
[Modules] Failed installing discord_erlpack@0: Error: ENOENT: no such file or directory, open '/opt/discord-canary/resources/bootstrap/discord_erlpack.zip'
[Modules] Installing discord_spellcheck@0 from /opt/discord-canary/resources/bootstrap/discord_spellcheck.zip
[Modules] Failed installing discord_spellcheck@0: Error: ENOENT: no such file or directory, open '/opt/discord-canary/resources/bootstrap/discord_spellcheck.zip'
[Modules] Installing discord_utils@0 from /opt/discord-canary/resources/bootstrap/discord_utils.zip
[Modules] Failed installing discord_utils@0: Error: ENOENT: no such file or directory, open '/opt/discord-canary/resources/bootstrap/discord_utils.zip'
[Modules] Installing discord_voice@0 from /opt/discord-canary/resources/bootstrap/discord_voice.zip
[Modules] Failed installing discord_voice@0: Error: ENOENT: no such file or directory, open '/opt/discord-canary/resources/bootstrap/discord_voice.zip'
[Modules] Finished module installations. [success: 0] [failure: 5]
[Modules] Checking for host updates.
[Modules] Host is up to date.
[Modules] Checking for module updates at https://discordapp.com/api/modules/canary/versions.json
[Modules] Module update available: discord_desktop_core@12 [installed: 0]
[Modules] Module update available: discord_erlpack@12 [installed: 0]
[Modules] Module update available: discord_spellcheck@12 [installed: 0]
[Modules] Module update available: discord_utils@12 [installed: 0]
[Modules] Module update available: discord_voice@12 [installed: 0]
[Modules] Fetching discord_desktop_core@12 from https://discordapp.com/api/modules/canary/discord_desktop_core/12
[Modules] Streaming discord_desktop_core@12 [1638870 bytes] to /home/daymoose/.config/discordcanary/0.0.71/modules/pending/discord_desktop_core-12.zip
[Modules] Fetching discord_erlpack@12 from https://discordapp.com/api/modules/canary/discord_erlpack/12
[Modules] Streaming discord_erlpack@12 [1534628 bytes] to /home/daymoose/.config/discordcanary/0.0.71/modules/pending/discord_erlpack-12.zip
[Modules] Fetching discord_spellcheck@12 from https://discordapp.com/api/modules/canary/discord_spellcheck/12
[Modules] Streaming discord_spellcheck@12 [10201336 bytes] to /home/daymoose/.config/discordcanary/0.0.71/modules/pending/discord_spellcheck-12.zip
[Modules] Fetching discord_utils@12 from https://discordapp.com/api/modules/canary/discord_utils/12
[Modules] Streaming discord_utils@12 [2615986 bytes] to /home/daymoose/.config/discordcanary/0.0.71/modules/pending/discord_utils-12.zip
[Modules] Fetching discord_voice@12 from https://discordapp.com/api/modules/canary/discord_voice/12
[Modules] Streaming discord_voice@12 [8852703 bytes] to /home/daymoose/.config/discordcanary/0.0.71/modules/pending/discord_voice-12.zip
[Modules] Finished module downloads. [success: 5] [failure: 0]
[Modules] Relaunching to install module updates...
[Modules] Modules initializing
[Modules] Distribution: remote
[Modules] Host updates: enabled
[Modules] Module updates: enabled
[Modules] Module install path: /home/daymoose/.config/discordcanary/0.0.71/modules
[Modules] Module installed file path: /home/daymoose/.config/discordcanary/0.0.71/modules/installed.json
[Modules] Module download path: /home/daymoose/.config/discordcanary/0.0.71/modules/pending
[Modules] Installing updates...
[Modules] Installing discord_desktop_core@12 from /home/daymoose/.config/discordcanary/0.0.71/modules/pending/discord_desktop_core-12.zip
[Modules] Installing discord_erlpack@12 from /home/daymoose/.config/discordcanary/0.0.71/modules/pending/discord_erlpack-12.zip
[Modules] Installing discord_spellcheck@12 from /home/daymoose/.config/discordcanary/0.0.71/modules/pending/discord_spellcheck-12.zip
[Modules] Installing discord_utils@12 from /home/daymoose/.config/discordcanary/0.0.71/modules/pending/discord_utils-12.zip
[Modules] Installing discord_voice@12 from /home/daymoose/.config/discordcanary/0.0.71/modules/pending/discord_voice-12.zip
[Modules] Finished module installations. [success: 5] [failure: 0]
[Modules] Checking for host updates.
[Modules] Host is up to date.
[Modules] Checking for module updates at https://discordapp.com/api/modules/canary/versions.json
[Modules] No module updates available.
[Modules] Starting to install discord_game_utils...
[Modules] Fetching discord_game_utils@12 from https://discordapp.com/api/modules/canary/discord_game_utils/12
[Modules] Starting to install discord_rpc...
[Modules] Starting to install discord_media...
[Modules] Streaming discord_game_utils@12 [2612707 bytes] to /home/daymoose/.config/discordcanary/0.0.71/modules/pending/discord_game_utils-12.zip
[Modules] Fetching discord_rpc@12 from https://discordapp.com/api/modules/canary/discord_rpc/12
[Modules] Installing discord_game_utils@12 from /home/daymoose/.config/discordcanary/0.0.71/modules/pending/discord_game_utils-12.zip
[Modules] Finished module installations. [success: 1] [failure: 0]
[Modules] Streaming discord_rpc@12 [144270 bytes] to /home/daymoose/.config/discordcanary/0.0.71/modules/pending/discord_rpc-12.zip
[Modules] Fetching discord_media@0 from https://discordapp.com/api/modules/canary/discord_media/0
[Modules] Installing discord_rpc@12 from /home/daymoose/.config/discordcanary/0.0.71/modules/pending/discord_rpc-12.zip
[Modules] Finished module installations. [success: 1] [failure: 0]
[Modules] Streaming discord_media@0 [252 bytes] to /home/daymoose/.config/discordcanary/0.0.71/modules/pending/discord_media-0.zip
[Modules] Finished module downloads. [success: 2] [failure: 1]
[Modules] Checking for host updates.
[Modules] Host is up to date.
[Modules] Checking for module updates at https://discordapp.com/api/modules/canary/versions.json
[Modules] No module updates available.
[Modules] Starting to install discord_contact_import...
[Modules] Fetching discord_contact_import@12 from https://discordapp.com/api/modules/canary/discord_contact_import/12
[Modules] Streaming discord_contact_import@12 [5186640 bytes] to /home/daymoose/.config/discordcanary/0.0.71/modules/pending/discord_contact_import-12.zip
[Modules] Finished module downloads. [success: 1] [failure: 0]
[Modules] Installing discord_contact_import@12 from /home/daymoose/.config/discordcanary/0.0.71/modules/pending/discord_contact_import-12.zip
[Modules] Finished module installations. [success: 1] [failure: 0]
[Modules] Modules initializing
[Modules] Distribution: remote
[Modules] Host updates: enabled
[Modules] Module updates: enabled
[Modules] Module install path: /home/daymoose/.config/discordcanary/0.0.71/modules
[Modules] Module installed file path: /home/daymoose/.config/discordcanary/0.0.71/modules/installed.json
[Modules] Module download path: /home/daymoose/.config/discordcanary/0.0.71/modules/pending
[Modules] No updates to install
[Modules] Checking for host updates.
[Modules] Host update failed: Error: getaddrinfo ENOTFOUND discordapp.com discordapp.com:443
[Modules] Checking for host updates.
[Modules] Host is up to date.
[Modules] Checking for module updates at https://discordapp.com/api/modules/canary/versions.json
[Modules] Module update available: discord_desktop_core@17 [installed: 12]
[Modules] Module update available: discord_erlpack@17 [installed: 12]
[Modules] Module update available: discord_spellcheck@17 [installed: 12]
[Modules] Module update available: discord_utils@17 [installed: 12]
[Modules] Module update available: discord_voice@17 [installed: 12]
[Modules] Module update available: discord_game_utils@17 [installed: 12]
[Modules] Module update available: discord_rpc@17 [installed: 12]
[Modules] Module update available: discord_contact_import@17 [installed: 12]
[Modules] Fetching discord_desktop_core@17 from https://discordapp.com/api/modules/canary/discord_desktop_core/17
[Modules] Streaming discord_desktop_core@17 [1638870 bytes] to /home/daymoose/.config/discordcanary/0.0.71/modules/pending/discord_desktop_core-17.zip
[Modules] Fetching discord_erlpack@17 from https://discordapp.com/api/modules/canary/discord_erlpack/17
[Modules] Streaming discord_erlpack@17 [1534628 bytes] to /home/daymoose/.config/discordcanary/0.0.71/modules/pending/discord_erlpack-17.zip
[Modules] Fetching discord_spellcheck@17 from https://discordapp.com/api/modules/canary/discord_spellcheck/17
[Modules] Streaming discord_spellcheck@17 [10201315 bytes] to /home/daymoose/.config/discordcanary/0.0.71/modules/pending/discord_spellcheck-17.zip
[Modules] Fetching discord_utils@17 from https://discordapp.com/api/modules/canary/discord_utils/17
[Modules] Streaming discord_utils@17 [2615986 bytes] to /home/daymoose/.config/discordcanary/0.0.71/modules/pending/discord_utils-17.zip
[Modules] Fetching discord_voice@17 from https://discordapp.com/api/modules/canary/discord_voice/17
[Modules] Streaming discord_voice@17 [8852697 bytes] to /home/daymoose/.config/discordcanary/0.0.71/modules/pending/discord_voice-17.zip
[Modules] Fetching discord_game_utils@17 from https://discordapp.com/api/modules/canary/discord_game_utils/17
[Modules] Streaming discord_game_utils@17 [2612707 bytes] to /home/daymoose/.config/discordcanary/0.0.71/modules/pending/discord_game_utils-17.zip
[Modules] Fetching discord_rpc@17 from https://discordapp.com/api/modules/canary/discord_rpc/17
[Modules] Streaming discord_rpc@17 [144258 bytes] to /home/daymoose/.config/discordcanary/0.0.71/modules/pending/discord_rpc-17.zip
[Modules] Fetching discord_contact_import@17 from https://discordapp.com/api/modules/canary/discord_contact_import/17
[Modules] Streaming discord_contact_import@17 [5186640 bytes] to /home/daymoose/.config/discordcanary/0.0.71/modules/pending/discord_contact_import-17.zip
[Modules] Finished module downloads. [success: 8] [failure: 0]
[Modules] Relaunching to install module updates...
[Modules] Modules initializing
[Modules] Distribution: remote
[Modules] Host updates: enabled
[Modules] Module updates: enabled
[Modules] Module install path: /home/daymoose/.config/discordcanary/0.0.71/modules
[Modules] Module installed file path: /home/daymoose/.config/discordcanary/0.0.71/modules/installed.json
[Modules] Module download path: /home/daymoose/.config/discordcanary/0.0.71/modules/pending
[Modules] Installing updates...
[Modules] Installing discord_desktop_core@17 from /home/daymoose/.config/discordcanary/0.0.71/modules/pending/discord_desktop_core-17.zip
[Modules] Installing discord_erlpack@17 from /home/daymoose/.config/discordcanary/0.0.71/modules/pending/discord_erlpack-17.zip
[Modules] Installing discord_spellcheck@17 from /home/daymoose/.config/discordcanary/0.0.71/modules/pending/discord_spellcheck-17.zip
[Modules] Installing discord_utils@17 from /home/daymoose/.config/discordcanary/0.0.71/modules/pending/discord_utils-17.zip
[Modules] Installing discord_voice@17 from /home/daymoose/.config/discordcanary/0.0.71/modules/pending/discord_voice-17.zip
[Modules] Installing discord_game_utils@17 from /home/daymoose/.config/discordcanary/0.0.71/modules/pending/discord_game_utils-17.zip
[Modules] Installing discord_rpc@17 from /home/daymoose/.config/discordcanary/0.0.71/modules/pending/discord_rpc-17.zip
[Modules] Installing discord_contact_import@17 from /home/daymoose/.config/discordcanary/0.0.71/modules/pending/discord_contact_import-17.zip
[Modules] Finished module installations. [success: 8] [failure: 0]
[Modules] Checking for host updates.
[Modules] Host is up to date.
[Modules] Checking for module updates at https://discordapp.com/api/modules/canary/versions.json
[Modules] No module updates available.
[Modules] Starting to install discord_media...
[Modules] Fetching discord_media@0 from https://discordapp.com/api/modules/canary/discord_media/0
[Modules] Streaming discord_media@0 [252 bytes] to /home/daymoose/.config/discordcanary/0.0.71/modules/pending/discord_media-0.zip
[Modules] Finished module downloads. [success: 0] [failure: 1]
[Modules] Checking for host updates.
[Modules] Host is up to date.
[Modules] Checking for module updates at https://discordapp.com/api/modules/canary/versions.json
[Modules] No module updates available.
[Modules] Checking for host updates.
[Modules] Host is up to date.
[Modules] Checking for module updates at https://discordapp.com/api/modules/canary/versions.json
[Modules] No module updates available.
[Modules] Modules initializing
[Modules] Distribution: remote
[Modules] Host updates: enabled
[Modules] Module updates: enabled
[Modules] Module install path: /home/daymoose/.config/discordcanary/0.0.71/modules
[Modules] Module installed file path: /home/daymoose/.config/discordcanary/0.0.71/modules/installed.json
[Modules] Module download path: /home/daymoose/.config/discordcanary/0.0.71/modules/pending
[Modules] No updates to install
[Modules] Checking for host updates.
[Modules] Host update is available. Manual update required!
[Modules] Modules initializing
[Modules] Distribution: remote
[Modules] Host updates: enabled
[Modules] Module updates: enabled
[Modules] Module install path: /home/daymoose/.config/discordcanary/0.0.72/modules
[Modules] Module installed file path: /home/daymoose/.config/discordcanary/0.0.72/modules/installed.json
[Modules] Module download path: /home/daymoose/.config/discordcanary/0.0.72/modules/pending
[Modules] Bootstrapping...
[Modules] Installing discord_desktop_core@0 from /opt/discord-canary/resources/bootstrap/discord_desktop_core.zip
[Modules] Failed installing discord_desktop_core@0: Error: ENOENT: no such file or directory, open '/opt/discord-canary/resources/bootstrap/discord_desktop_core.zip'
[Modules] Installing discord_erlpack@0 from /opt/discord-canary/resources/bootstrap/discord_erlpack.zip
[Modules] Failed installing discord_erlpack@0: Error: ENOENT: no such file or directory, open '/opt/discord-canary/resources/bootstrap/discord_erlpack.zip'
[Modules] Installing discord_spellcheck@0 from /opt/discord-canary/resources/bootstrap/discord_spellcheck.zip
[Modules] Failed installing discord_spellcheck@0: Error: ENOENT: no such file or directory, open '/opt/discord-canary/resources/bootstrap/discord_spellcheck.zip'
[Modules] Installing discord_utils@0 from /opt/discord-canary/resources/bootstrap/discord_utils.zip
[Modules] Failed installing discord_utils@0: Error: ENOENT: no such file or directory, open '/opt/discord-canary/resources/bootstrap/discord_utils.zip'
[Modules] Installing discord_voice@0 from /opt/discord-canary/resources/bootstrap/discord_voice.zip
[Modules] Failed installing discord_voice@0: Error: ENOENT: no such file or directory, open '/opt/discord-canary/resources/bootstrap/discord_voice.zip'
[Modules] Finished module installations. [success: 0] [failure: 5]
[Modules] Checking for host updates.
[Modules] Host is up to date.
[Modules] Checking for module updates at https://discordapp.com/api/modules/canary/versions.json
[Modules] Module update available: discord_desktop_core@21 [installed: 0]
[Modules] Module update available: discord_erlpack@21 [installed: 0]
[Modules] Module update available: discord_spellcheck@21 [installed: 0]
[Modules] Module update available: discord_utils@21 [installed: 0]
[Modules] Module update available: discord_voice@15 [installed: 0]
[Modules] Fetching discord_desktop_core@21 from https://discordapp.com/api/modules/canary/discord_desktop_core/21
[Modules] Streaming discord_desktop_core@21 [1515930 bytes] to /home/daymoose/.config/discordcanary/0.0.72/modules/pending/discord_desktop_core-21.zip
[Modules] Fetching discord_erlpack@21 from https://discordapp.com/api/modules/canary/discord_erlpack/21
[Modules] Streaming discord_erlpack@21 [1535127 bytes] to /home/daymoose/.config/discordcanary/0.0.72/modules/pending/discord_erlpack-21.zip
[Modules] Fetching discord_spellcheck@21 from https://discordapp.com/api/modules/canary/discord_spellcheck/21
[Modules] Streaming discord_spellcheck@21 [10201082 bytes] to /home/daymoose/.config/discordcanary/0.0.72/modules/pending/discord_spellcheck-21.zip
[Modules] Fetching discord_utils@21 from https://discordapp.com/api/modules/canary/discord_utils/21
[Modules] Streaming discord_utils@21 [2616205 bytes] to /home/daymoose/.config/discordcanary/0.0.72/modules/pending/discord_utils-21.zip
[Modules] Fetching discord_voice@15 from https://discordapp.com/api/modules/canary/discord_voice/15
[Modules] Streaming discord_voice@15 [10295148 bytes] to /home/daymoose/.config/discordcanary/0.0.72/modules/pending/discord_voice-15.zip
[Modules] Finished module downloads. [success: 5] [failure: 0]
[Modules] Relaunching to install module updates...
[Modules] Modules initializing
[Modules] Distribution: remote
[Modules] Host updates: enabled
[Modules] Module updates: enabled
[Modules] Module install path: /home/daymoose/.config/discordcanary/0.0.72/modules
[Modules] Module installed file path: /home/daymoose/.config/discordcanary/0.0.72/modules/installed.json
[Modules] Module download path: /home/daymoose/.config/discordcanary/0.0.72/modules/pending
[Modules] Installing updates...
[Modules] Installing discord_desktop_core@21 from /home/daymoose/.config/discordcanary/0.0.72/modules/pending/discord_desktop_core-21.zip
[Modules] Installing discord_erlpack@21 from /home/daymoose/.config/discordcanary/0.0.72/modules/pending/discord_erlpack-21.zip
[Modules] Installing discord_spellcheck@21 from /home/daymoose/.config/discordcanary/0.0.72/modules/pending/discord_spellcheck-21.zip
[Modules] Installing discord_utils@21 from /home/daymoose/.config/discordcanary/0.0.72/modules/pending/discord_utils-21.zip
[Modules] Installing discord_voice@15 from /home/daymoose/.config/discordcanary/0.0.72/modules/pending/discord_voice-15.zip
[Modules] Finished module installations. [success: 5] [failure: 0]
[Modules] Checking for host updates.
[Modules] Host is up to date.
[Modules] Checking for module updates at https://discordapp.com/api/modules/canary/versions.json
[Modules] No module updates available.
[Modules] Starting to install discord_game_utils...
[Modules] Fetching discord_game_utils@21 from https://discordapp.com/api/modules/canary/discord_game_utils/21
[Modules] Starting to install discord_rpc...
[Modules] Starting to install discord_media...
[Modules] Streaming discord_game_utils@21 [2612617 bytes] to /home/daymoose/.config/discordcanary/0.0.72/modules/pending/discord_game_utils-21.zip
[Modules] Fetching discord_rpc@21 from https://discordapp.com/api/modules/canary/discord_rpc/21
[Modules] Installing discord_game_utils@21 from /home/daymoose/.config/discordcanary/0.0.72/modules/pending/discord_game_utils-21.zip
[Modules] Finished module installations. [success: 1] [failure: 0]
[Modules] Streaming discord_rpc@21 [144267 bytes] to /home/daymoose/.config/discordcanary/0.0.72/modules/pending/discord_rpc-21.zip
[Modules] Fetching discord_media@0 from https://discordapp.com/api/modules/canary/discord_media/0
[Modules] Installing discord_rpc@21 from /home/daymoose/.config/discordcanary/0.0.72/modules/pending/discord_rpc-21.zip
[Modules] Finished module installations. [success: 1] [failure: 0]
[Modules] Streaming discord_media@0 [252 bytes] to /home/daymoose/.config/discordcanary/0.0.72/modules/pending/discord_media-0.zip
[Modules] Finished module downloads. [success: 2] [failure: 1]
[Modules] Checking for host updates.
[Modules] Host is up to date.
[Modules] Checking for module updates at https://discordapp.com/api/modules/canary/versions.json
[Modules] No module updates available.
[Modules] Starting to install discord_contact_import...
[Modules] Fetching discord_contact_import@21 from https://discordapp.com/api/modules/canary/discord_contact_import/21
[Modules] Streaming discord_contact_import@21 [5186713 bytes] to /home/daymoose/.config/discordcanary/0.0.72/modules/pending/discord_contact_import-21.zip
[Modules] Finished module downloads. [success: 1] [failure: 0]
[Modules] Installing discord_contact_import@21 from /home/daymoose/.config/discordcanary/0.0.72/modules/pending/discord_contact_import-21.zip
[Modules] Finished module installations. [success: 1] [failure: 0]
[Modules] Checking for host updates.
[Modules] Host is up to date.
[Modules] Checking for module updates at https://discordapp.com/api/modules/canary/versions.json
[Modules] No module updates available.
[Modules] Checking for host updates.
[Modules] Host is up to date.
[Modules] Checking for module updates at https://discordapp.com/api/modules/canary/versions.json
[Modules] No module updates available.
[Modules] Checking for host updates.
[Modules] Host is up to date.
[Modules] Checking for module updates at https://discordapp.com/api/modules/canary/versions.json
[Modules] No module updates available.
